<?xml version="1.0" encoding="UTF-8"?>
<!-- Generated by org.testng.reporters.JUnitXMLReporter -->
<testsuite ignored="0" hostname="IN-B48C0F3" failures="0" tests="22" name="Surefire test" time="247.742" errors="0" timestamp="2024-06-15T10:31:28 IST">
  <testcase classname="tests.BannerTest" name="bannerTest" time="8.929"/>
  <testcase classname="tests.BookFlightTest" name="bookFlightTest" time="17.504"/>
  <testcase classname="tests.CartTest" name="cartTest" time="7.263"/>
  <testcase classname="tests.CompareTest" name="compareTest" time="9.571"/>
  <testcase classname="tests.CustomerCareTest" name="customerCareTest" time="6.703"/>
  <testcase classname="tests.DownloadTest" name="downloadTest" time="19.803"/>
  <testcase classname="tests.ExchangeTest" name="exchangeTest" time="10.441"/>
  <testcase classname="tests.FilterTest" name="bannerTest" time="7.054"/>
  <testcase classname="tests.FilterTest" name="filterTest" time="4.645"/>
  <testcase classname="tests.GiftcardTest" name="giftcardTest" time="7.389"/>
  <testcase classname="tests.GroceryTest" name="groceryTest" time="5.923"/>
  <testcase classname="tests.GroupCompanyTest" name="groupCompanyTest" time="7.91"/>
  <testcase classname="tests.LoginTest" name="loginTest" time="7.35"/>
  <testcase classname="tests.NavigationTest" name="navigationTest" time="8.366"/>
  <testcase classname="tests.PincodeTest" name="pincodeTest" time="3.853"/>
  <testcase classname="tests.RatingTest" name="ratingTest" time="8.892"/>
  <testcase classname="tests.SearchTest" name="searchTest" time="6.581"/>
  <testcase classname="tests.SellerTest" name="sellerTest" time="8.705"/>
  <testcase classname="tests.ShareTest" name="shareTest" time="5.711"/>
  <testcase classname="tests.SignUpTest" name="signUpTest" time="8.71"/>
  <testcase classname="tests.WishlistTest" name="bannerTest" time="7.246"/>
  <testcase classname="tests.WishlistTest" name="wishlistTest" time="3.721"/>
</testsuite> <!-- Surefire test -->
