<?xml version="1.0" encoding="UTF-8"?>
<!-- Generated by org.testng.reporters.JUnitXMLReporter -->
<testsuite ignored="0" hostname="IN-B48C0F3" failures="0" tests="22" name="Test" time="231.623" errors="0" timestamp="2024-06-13T14:56:44 IST">
  <testcase classname="tests.BannerTest" name="bannerTest" time="7.141"/>
  <testcase classname="tests.BookFlightTest" name="bookFlightTest" time="17.878"/>
  <testcase classname="tests.CartTest" name="cartTest" time="9.272"/>
  <testcase classname="tests.CompareTest" name="compareTest" time="10.016"/>
  <testcase classname="tests.CustomerCareTest" name="customerCareTest" time="7.191"/>
  <testcase classname="tests.RatingTest" name="ratingTest" time="9.255"/>
  <testcase classname="tests.DownloadTest" name="downloadTest" time="19.818"/>
  <testcase classname="tests.ShareTest" name="shareTest" time="3.676"/>
  <testcase classname="tests.NavigationTest" name="navigationTest" time="10.371"/>
  <testcase classname="tests.ExchangeTest" name="exchangeTest" time="10.595"/>
  <testcase classname="tests.GiftcardTest" name="giftcardTest" time="11.007"/>
  <testcase classname="tests.GroceryTest" name="groceryTest" time="5.36"/>
  <testcase classname="tests.GroupCompanyTest" name="groupCompanyTest" time="6.194"/>
  <testcase classname="tests.LoginTest" name="loginTest" time="6.11"/>
  <testcase classname="tests.SearchTest" name="searchTest" time="6.354"/>
  <testcase classname="tests.SellerTest" name="sellerTest" time="10.227"/>
  <testcase classname="tests.SignUpTest" name="signUpTest" time="7.966"/>
  <testcase classname="tests.PincodeTest" name="pincodeTest" time="3.727"/>
  <testcase classname="tests.WishlistTest" name="bannerTest" time="6.685"/>
  <testcase classname="tests.WishlistTest" name="wishlistTest" time="3.544"/>
  <testcase classname="tests.FilterTest" name="bannerTest" time="6.829"/>
  <testcase classname="tests.FilterTest" name="filterTest" time="4.812"/>
</testsuite> <!-- Test -->
