<?xml version="1.0" encoding="UTF-8"?>
<testsuite xmlns:xsi="http://www.w3.org/2001/XMLSchema-instance" xsi:noNamespaceSchemaLocation="https://maven.apache.org/surefire/maven-surefire-plugin/xsd/surefire-test-report.xsd" name="TestSuite" time="250.344" tests="22" errors="0" skipped="0" failures="0">
  <properties>
[...]
</properties>
  <testcase name="bannerTest" classname="tests.BannerTest" time="8.931"/>
  <testcase name="bookFlightTest" classname="tests.BookFlightTest" time="17.503"/>
  <testcase name="cartTest" classname="tests.CartTest" time="7.263"/>
  <testcase name="compareTest" classname="tests.CompareTest" time="9.57"/>
  <testcase name="customerCareTest" classname="tests.CustomerCareTest" time="6.703"/>
  <testcase name="downloadTest" classname="tests.DownloadTest" time="19.803"/>
  <testcase name="exchangeTest" classname="tests.ExchangeTest" time="10.446"/>
  <testcase name="bannerTest" classname="tests.FilterTest" time="7.055"/>
  <testcase name="filterTest" classname="tests.FilterTest" time="4.645"/>
  <testcase name="giftcardTest" classname="tests.GiftcardTest" time="7.389"/>
  <testcase name="groceryTest" classname="tests.GroceryTest" time="5.924"/>
  <testcase name="groupCompanyTest" classname="tests.GroupCompanyTest" time="7.91"/>
  <testcase name="loginTest" classname="tests.LoginTest" time="7.35"/>
  <testcase name="navigationTest" classname="tests.NavigationTest" time="8.366"/>
  <testcase name="pincodeTest" classname="tests.PincodeTest" time="3.854"/>
  <testcase name="ratingTest" classname="tests.RatingTest" time="8.892"/>
  <testcase name="searchTest" classname="tests.SearchTest" time="6.579"/>
  <testcase name="sellerTest" classname="tests.SellerTest" time="8.712"/>
  <testcase name="shareTest" classname="tests.ShareTest" time="5.71"/>
  <testcase name="signUpTest" classname="tests.SignUpTest" time="8.709"/>
  <testcase name="bannerTest" classname="tests.WishlistTest" time="7.246"/>
  <testcase name="wishlistTest" classname="tests.WishlistTest" time="3.72"/>
</testsuite>