<?xml version="1.0" encoding="UTF-8"?>
<testng-results ignored="0" total="1" passed="1" failed="0" skipped="0">
  <reporter-output>
  </reporter-output>
  <suite started-at="2024-06-14T22:45:13 IST" name="Default suite" finished-at="2024-06-14T22:45:27 IST" duration-ms="13719">
    <groups>
      <group name="regression">
        <method signature="ExchangeTest.exchangeTest(java.lang.String,java.lang.String,java.lang.String)[pri:1, instance:tests.ExchangeTest@770d4269]" name="exchangeTest" class="tests.ExchangeTest"/>
      </group> <!-- regression -->
    </groups>
    <test started-at="2024-06-14T22:45:13 IST" name="Default test" finished-at="2024-06-14T22:45:27 IST" duration-ms="13719">
      <class name="tests.ExchangeTest">
        <test-method is-config="true" signature="setUp()[pri:0, instance:tests.ExchangeTest@770d4269]" started-at="2024-06-14T22:45:13 IST" name="setUp" finished-at="2024-06-14T22:45:16 IST" duration-ms="2589" status="PASS">
          <reporter-output>
          </reporter-output>
        </test-method> <!-- setUp -->
        <test-method signature="exchangeTest(java.lang.String,java.lang.String,java.lang.String)[pri:1, instance:tests.ExchangeTest@770d4269]" started-at="2024-06-14T22:45:17 IST" name="exchangeTest" data-provider="exchangeTestData" finished-at="2024-06-14T22:45:26 IST" duration-ms="9676" status="PASS">
          <params>
            <param index="0">
              <value>
                <![CDATA[https://www.flipkart.com/redmi-12-5g-jade-black-128-gb/p/itmb7b9567637d5c?pid=MOBGS9QU7QVWUWRD&lid=LSTMOBGS9QU7QVWUWRDWPHNEP&marketplace=FLIPKART&q=redmi+&store=tyy%2F4io&srno=s_1_1&otracker=search&otracker1=search&fm=search-autosuggest&iid=43966f1d-dc6f-4f22-a093-56bcae55d89b.MOBGS9QU7QVWUWRD.SEARCH&ppt=sp&ppn=sp&ssid=wiam0z4ofk0000001718382646050&qH=0452d1bd19251471]]>
              </value>
            </param>
            <param index="1">
              <value>
                <![CDATA[Yes]]>
              </value>
            </param>
            <param index="2">
              <value>
                <![CDATA[110001]]>
              </value>
            </param>
          </params>
          <reporter-output>
          </reporter-output>
        </test-method> <!-- exchangeTest -->
        <test-method is-config="true" signature="afterMethod(org.testng.ITestResult)[pri:0, instance:tests.ExchangeTest@770d4269]" started-at="2024-06-14T22:45:26 IST" name="afterMethod" finished-at="2024-06-14T22:45:26 IST" duration-ms="0" status="PASS">
          <params>
            <param index="0">
              <value>
                <![CDATA[[TestResult name=exchangeTest status=SUCCESS method=ExchangeTest.exchangeTest(java.lang.String,java.lang.String,java.lang.String)[pri:1, instance:tests.ExchangeTest@770d4269] output={null}]]]>
              </value>
            </param>
          </params>
          <reporter-output>
          </reporter-output>
        </test-method> <!-- afterMethod -->
        <test-method is-config="true" signature="tearDown(org.testng.ITestResult)[pri:0, instance:tests.ExchangeTest@770d4269]" started-at="2024-06-14T22:45:26 IST" name="tearDown" finished-at="2024-06-14T22:45:26 IST" duration-ms="1" status="PASS">
          <params>
            <param index="0">
              <value>
                <![CDATA[[TestResult name=exchangeTest status=SUCCESS method=ExchangeTest.exchangeTest(java.lang.String,java.lang.String,java.lang.String)[pri:1, instance:tests.ExchangeTest@770d4269] output={null}]]]>
              </value>
            </param>
          </params>
          <reporter-output>
          </reporter-output>
        </test-method> <!-- tearDown -->
        <test-method is-config="true" signature="tearDown()[pri:0, instance:tests.ExchangeTest@770d4269]" started-at="2024-06-14T22:45:26 IST" name="tearDown" finished-at="2024-06-14T22:45:27 IST" duration-ms="585" status="PASS">
          <reporter-output>
          </reporter-output>
        </test-method> <!-- tearDown -->
      </class> <!-- tests.ExchangeTest -->
    </test> <!-- Default test -->
  </suite> <!-- Default suite -->
</testng-results>
